<?xml version="1.0" encoding="UTF-8"?>
<testsuite name="Buscar un libro dentro de DemoQA" tests="1" skipped="0" failures="0" errors="0" timestamp="2023-06-09T16:19:34" hostname="LAPTOP-ADED8DBU" time="12.779">
  <properties/>
  <testcase name="Yo como usuario quiero buscar un libro y ver su informacion" classname="Buscar un libro dentro de DemoQA" time="12.779"/>
  <system-out><![CDATA[]]></system-out>
  <system-err><![CDATA[[Test worker] INFO io.cucumber.core.plugin.SerenityReporter - Running feature from file:///C:/Users/luill/Desktop/Carpetas/El%20Tiempo/Codigos%20de%20ejemplo/Primero/src/test/resources/features/interactuar_elementos.feature
[Test worker] INFO  - 
  _____   ___   ___   _____     ___   _____     _     ___   _____   ___   ___  
 |_   _| | __| / __| |_   _|   / __| |_   _|   /_\   | _ \ |_   _| | __| |   \ 
   | |   | _|  \__ \   | |     \__ \   | |    / _ \  |   /   | |   | _|  | |) |
   |_|   |___| |___/   |_|     |___/   |_|   /_/ \_\ |_|_\   |_|   |___| |___/ 

Yo como usuario quiero buscar un libro y ver su informacion(buscar-un-libro-dentro-de-demoqa;yo-como-usuario-quiero-buscar-un-libro-y-ver-su-informacion)
--------------------------------------------------------------------------------
[Test worker] INFO net.serenitybdd.core.webdriver.driverproviders.ChromeDriverProvider - Using automatically driver download
[Test worker] INFO io.github.bonigarcia.wdm.WebDriverManager - Using chromedriver 114.0.5735.90 (resolved driver for Chrome 114)
[Test worker] INFO io.github.bonigarcia.wdm.WebDriverManager - Exporting webdriver.chrome.driver as C:\Users\luill\.cache\selenium\chromedriver\win32\114.0.5735.90\chromedriver.exe
[Test worker] INFO net.serenitybdd.core.webdriver.driverproviders.ProvideNewDriver - Instantiating driver
[Test worker] INFO net.serenitybdd.core.webdriver.driverproviders.ProvideNewDriver - Driver capabilities: Capabilities {acceptInsecureCerts: false, browserName: chrome, chrome.switches: --incognito, --start-maximi..., goog:chromeOptions: {args: [--incognito, --start-maximized, --enable-automation, --no-sandobox, --disable-gpu-sanbox], extensions: []}, loggingPrefs: org.openqa.selenium.logging...}
Starting ChromeDriver 114.0.5735.90 (386bc09e8f4f2e025eddae123f36f6263096ae49-refs/branch-heads/5735@{#1052}) on port 27393
Only local connections are allowed.
Please see https://chromedriver.chromium.org/security-considerations for suggestions on keeping ChromeDriver safe.
ChromeDriver was started successfully.
jun. 09, 2023 11:19:36 A. M. org.openqa.selenium.remote.ProtocolHandshake createSession
INFO: Detected dialect: W3C
[Test worker] INFO  - 
  _____   ___   ___   _____     ___     _     ___   ___   ___   ___  
 |_   _| | __| / __| |_   _|   | _ \   /_\   / __| / __| | __| |   \ 
   | |   | _|  \__ \   | |     |  _/  / _ \  \__ \ \__ \ | _|  | |) |
   |_|   |___| |___/   |_|     |_|   /_/ \_\ |___/ |___/ |___| |___/ 

Yo como usuario quiero buscar un libro y ver su informacion
----------------------------------------------------------------------
]]></system-err>
</testsuite>
